<?xml version="1.0" encoding="UTF-8"?>
<!-- Generated by org.testng.reporters.JUnitReportReporter -->
<testsuite skipped="0" hostname="Newt-PBS114" name="com.mercurytours.com.extentreport.TestNG" tests="1" failures="0" timestamp="25 May 2018 08:46:11 GMT" time="198.152" errors="0">
  <testcase name="method" time="198.152" classname="com.mercurytours.com.extentreport.TestNG"/>
</testsuite> <!-- com.mercurytours.com.extentreport.TestNG -->
